 This run of the CFX 2019 R3 Solver started at 16:10:15 on 11 Nov 2021
 by user mohsy on NEPTUNE (amd_opteron.sse2_winnt) using the command:
 
  "C:\Program Files\ANSYS Inc\v195\CFX\bin\perllib\cfx5solve.pl"
    -stdout-comms -batch -ccl -
 
 2019 R3
 
  Point Releases and Patches installed:
  ANSYS, Inc. Products 2019 R3
  SpaceClaim 2019 R3
  CFX (includes CFD-Post) 2019 R3
  ICEM CFD 2019 R3
  ANSYS, Inc. License Manager 2019 R3
 
 Setting up CFX Solver run ...
 
 
 +--------------------------------------------------------------------+
 |                                                                    |
 |                    CFX Command Language for Run                    |
 |                                                                    |
 +--------------------------------------------------------------------+
 
 LIBRARY:
   MATERIAL: Air Ideal Gas
     Material Description = Air Ideal Gas (constant Cp)
     Material Group = Air Data,Calorically Perfect Ideal Gases
     Option = Pure Substance
     Thermodynamic State = Gas
     PROPERTIES:
       Option = General Material
       EQUATION OF STATE:
         Molar Mass = 28.96 [kg kmol^-1]
         Option = Ideal Gas
       END
       SPECIFIC HEAT CAPACITY:
         Option = Value
         Specific Heat Capacity = 1.0044E+03 [J kg^-1 K^-1]
         Specific Heat Type = Constant Pressure
       END
       REFERENCE STATE:
         Option = Specified Point
         Reference Pressure = 1 [atm]
         Reference Specific Enthalpy = 0. [J/kg]
         Reference Specific Entropy = 0. [J/kg/K]
         Reference Temperature = 25 [C]
       END
       DYNAMIC VISCOSITY:
         Option = Sutherlands Formula
         Reference Temperature = 273.15 [K]
         Reference Viscosity = 1.716e-5 [kg m^-1 s^-1]
         Sutherlands Constant = 110.4 [K]
         Temperature Exponent = 1.5
       END
       THERMAL CONDUCTIVITY:
         Option = Sutherlands Formula
         Reference Temperature = 273.15 [K]
         Reference Thermal Conductivity = 0.024289 [W m^-1 K^-1]
         Sutherlands Constant = 110.4 [K]
         Temperature Exponent = 1.5
       END
       ABSORPTION COEFFICIENT:
         Absorption Coefficient = 0.01 [m^-1]
         Option = Value
       END
       SCATTERING COEFFICIENT:
         Option = Value
         Scattering Coefficient = 0.0 [m^-1]
       END
       REFRACTIVE INDEX:
         Option = Value
         Refractive Index = 1.0 [m m^-1]
       END
     END
   END
 END
 FLOW: Flow Analysis 1
   SOLUTION UNITS:
     Angle Units = [rad]
     Length Units = [m]
     Mass Units = [kg]
     Solid Angle Units = [sr]
     Temperature Units = [K]
     Time Units = [s]
   END
   ANALYSIS TYPE:
     Option = Steady State
     EXTERNAL SOLVER COUPLING:
       Option = None
     END
   END
   DOMAIN: Default Domain
     Coord Frame = Coord 0
     Domain Type = Fluid
     Location = SOLID
     BOUNDARY: Blade
       Boundary Type = WALL
       Location = BLADE
       BOUNDARY CONDITIONS:
         HEAT TRANSFER:
           Fixed Temperature = 300 [K]
           Option = Fixed Temperature
         END
         MASS AND MOMENTUM:
           Option = No Slip Wall
         END
         WALL ROUGHNESS:
           Option = Smooth Wall
         END
       END
     END
     BOUNDARY: Domain Interface 1 Side 1
       Boundary Type = INTERFACE
       Location = CHANNEL_CENTER
       BOUNDARY CONDITIONS:
         HEAT TRANSFER:
           Option = Conservative Interface Flux
         END
         MASS AND MOMENTUM:
           Option = Conservative Interface Flux
         END
         TURBULENCE:
           Option = Conservative Interface Flux
         END
       END
     END
     BOUNDARY: Domain Interface 1 Side 2
       Boundary Type = INTERFACE
       Location = CHANNEL_WALL
       BOUNDARY CONDITIONS:
         HEAT TRANSFER:
           Option = Conservative Interface Flux
         END
         MASS AND MOMENTUM:
           Option = Conservative Interface Flux
         END
         TURBULENCE:
           Option = Conservative Interface Flux
         END
       END
     END
     BOUNDARY: Inlet
       Boundary Type = INLET
       Location = INLET
       BOUNDARY CONDITIONS:
         FLOW DIRECTION:
           Option = Normal to Boundary Condition
         END
         FLOW REGIME:
           Option = Subsonic
         END
         HEAT TRANSFER:
           Option = Static Temperature
           Static Temperature = 410 [K]
         END
         MASS AND MOMENTUM:
           Option = Total Pressure
           Relative Pressure = 182800 [Pa]
         END
         TURBULENCE:
           Eddy Length Scale = 3.2 [mm]
           Fractional Intensity = 0.01
           Option = Intensity and Length Scale
         END
       END
     END
     BOUNDARY: Outlet
       Boundary Type = OUTLET
       Location = OUTLET
       BOUNDARY CONDITIONS:
         FLOW REGIME:
           Option = Subsonic
         END
         MASS AND MOMENTUM:
           Option = Static Pressure
           Relative Pressure = 104196 [Pa]
         END
       END
     END
     BOUNDARY: Sym
       Boundary Type = SYMMETRY
       Location = LEFT_SYM,RIGHT_SYM
     END
     DOMAIN MODELS:
       BUOYANCY MODEL:
         Option = Non Buoyant
       END
       DOMAIN MOTION:
         Option = Stationary
       END
       MESH DEFORMATION:
         Option = None
       END
       REFERENCE PRESSURE:
         Reference Pressure = 1 [atm]
       END
     END
     FLUID DEFINITION: Fluid 1
       Material = Air Ideal Gas
       Option = Material Library
       MORPHOLOGY:
         Option = Continuous Fluid
       END
     END
     FLUID MODELS:
       COMBUSTION MODEL:
         Option = None
       END
       HEAT TRANSFER MODEL:
         Include Viscous Work Term = True
         Option = Total Energy
       END
       THERMAL RADIATION MODEL:
         Option = None
       END
       TURBULENCE MODEL:
         Option = k epsilon
       END
       TURBULENT WALL FUNCTIONS:
         High Speed Model = Off
         Option = Scalable
       END
     END
     INITIALISATION:
       Option = Automatic
       INITIAL CONDITIONS:
         Velocity Type = Cartesian
         CARTESIAN VELOCITY COMPONENTS:
           Option = Automatic
         END
         STATIC PRESSURE:
           Option = Automatic with Value
           Relative Pressure = 182800 [Pa]
         END
         TEMPERATURE:
           Option = Automatic with Value
           Temperature = 410 [K]
         END
         TURBULENCE INITIAL CONDITIONS:
           Option = Intensity and Length Scale
           EDDY LENGTH SCALE:
             Eddy Length Scale = 3.2 [mm]
             Option = Automatic with Value
           END
           FRACTIONAL INTENSITY:
             Fractional Intensity = 0.01
             Option = Automatic with Value
           END
         END
       END
     END
   END
   DOMAIN INTERFACE: Domain Interface 1
     Boundary List1 = Domain Interface 1 Side 1
     Boundary List2 = Domain Interface 1 Side 2
     Interface Type = Fluid Fluid
     INTERFACE MODELS:
       Option = Translational Periodicity
       MASS AND MOMENTUM:
         Option = Conservative Interface Flux
         MOMENTUM INTERFACE MODEL:
           Option = None
         END
       END
     END
     MESH CONNECTION:
       Option = Automatic
     END
   END
   OUTPUT CONTROL:
     RESULTS:
       File Compression Level = Default
       Option = Standard
     END
   END
   SOLVER CONTROL:
     Turbulence Numerics = First Order
     ADVECTION SCHEME:
       Option = High Resolution
     END
     CONVERGENCE CONTROL:
       Local Timescale Factor = 5
       Maximum Number of Iterations = 4000
       Minimum Number of Iterations = 1
       Timescale Control = Local Timescale Factor
     END
     CONVERGENCE CRITERIA:
       Residual Target = 0.0000000001
       Residual Type = RMS
     END
     DYNAMIC MODEL CONTROL:
       Global Dynamic Model Control = On
     END
     INTERRUPT CONTROL:
       Option = Any Interrupt
       CONVERGENCE CONDITIONS:
         Option = Default Conditions
       END
     END
   END
 END
 COMMAND FILE:
   Version = 19.5
   Results Version = 19.5
 END
 SIMULATION CONTROL:
   EXECUTION CONTROL:
     EXECUTABLE SELECTION:
       Double Precision = No
       Large Problem = No
     END
     INTERPOLATOR STEP CONTROL:
       Runtime Priority = Standard
       MEMORY CONTROL:
         Memory Allocation Factor = 1.0
       END
     END
     PARALLEL HOST LIBRARY:
       HOST DEFINITION: neptune
         Host Architecture String = winnt-amd64
         Installation Root = C:\Program Files\ANSYS Inc\v%v\CFX
       END
     END
     PARTITIONER STEP CONTROL:
       Multidomain Option = Automatic
       Runtime Priority = Standard
       MEMORY CONTROL:
         Memory Allocation Factor = 1.0
       END
       PARTITION SMOOTHING:
         Maximum Partition Smoothing Sweeps = 100
         Option = Smooth
       END
       PARTITIONING TYPE:
         MeTiS Type = k-way
         Option = MeTiS
         Partition Size Rule = Automatic
       END
     END
     RUN DEFINITION:
       Run Mode = Full
       Solver Input File = \
         C:/Users/mohsy/University/CFD/Assignment/Finals/Grid2.6 k-e.def
       Solver Results File = \
         C:\Users\mohsy\University\CFD\Assignment\Finals\Grid2.6 k-e_001.res
     END
     SOLVER STEP CONTROL:
       Runtime Priority = Standard
       MEMORY CONTROL:
         Memory Allocation Factor = 1.0
       END
       PARALLEL ENVIRONMENT:
         Number of Processes = 1
         Start Method = Serial
       END
     END
   END
 END
 
 
 +--------------------------------------------------------------------+
 |                                                                    |
 |                               Solver                               |
 |                                                                    |
 +--------------------------------------------------------------------+
 



 +--------------------------------------------------------------------+
 |                                                                    |
 |                       ANSYS(R) CFX(R) Solver                       |
 |                                                                    |
 | 2019 R3                                                            |
 | Build 19.5 2019-08-05T20:34:06.105000                              |
 | Mon Aug  5 22:39:07 GMTDT 2019                                     |
 |                                                                    |
 |                        Executable Attributes                       |
 |                                                                    |
 |           single-64bit-int32-archfort-optimised-std-lcomp          |
 |                                                                    |
 | (C) 1996-2019 ANSYS, Inc.                                          |
 |                                                                    |
 | All rights reserved. Unauthorized use, distribution or duplication |
 | is prohibited. This product is subject to U.S. laws governing      |
 | export and re-export. For full Legal Notice, see documentation.    |
 +--------------------------------------------------------------------+




 +--------------------------------------------------------------------+
 |                  Job Information at Start of Run                   |
 +--------------------------------------------------------------------+

 Run mode:       serial run

 Host computer:  NEPTUNE (PID:28592)

 Job started:    Thu Nov 11 16:10:16 2021

 +--------------------------------------------------------------------+
 |                        License Information                         |
 +--------------------------------------------------------------------+
 
 License Cap:    ANSYS CFX Solver (Max 512K Nodes)
 License ID:     flexserv1-root-2165-311936


 +--------------------------------------------------------------------+
 |        Memory Allocated for Run  (Actual usage may be less)        |
 +--------------------------------------------------------------------+

           | Real       | Integer    | Character | Logical  | Double
 ----------+------------+------------+-----------+----------+----------
 Mwords    |      47.33 |       9.87 |      7.68 |     0.12 |     0.81
 Mbytes    |     180.56 |      37.63 |      7.33 |     0.46 |     6.14
 ----------+------------+------------+-----------+----------+----------


 +--------------------------------------------------------------------+
 |                  Host Memory Information (Mbytes)                  |
 +--------------------------------------------------------------------+
 |          Host           |     System     |   Allocated    |   %    |
 +-------------------------+----------------+----------------+--------+
 | NEPTUNE                 |     15776.36   |       232.12   |   1.47 |
 +-------------------------+----------------+----------------+--------+


 +--------------------------------------------------------------------+
 |                     ****** Notice ******                           |
 | The Wall Heat Transfer Coefficient written to the results file for |
 | any turbulent phase with heat transfer is based on the turbulent   |
 | wall function coefficient. It is consistent with the Wall Heat Flux|
 | the wall temperature, and the Wall Adjacent Temperature            |
 | (near-wall temperature).  If you would like it to be based on a    |
 | user-specified bulk temperature instead, please set the expert     |
 | parameter "tbulk for htc = <value>".                               |
 +--------------------------------------------------------------------+

 +--------------------------------------------------------------------+
 |                      Topology Simplification                       |
 +--------------------------------------------------------------------+

 +--------------------------------------------------------------------+
 |                       ****** Warning ******                        |
 |                                                                    |
 | Topology simplification is activated with the following            |
 | restrictions:                                                      |
 |                                                                    |
 | - Mesh regions referenced only within User Fortran and NOT         |
 |   in the command file will cause the solver to stop.               |
 | - The solver will stop during any "Edit Run in Progress" step      |
 |   if new 2D regions are referenced.                                |
 +--------------------------------------------------------------------+

 +--------------------------------------------------------------------+
 |                          Mesh Statistics                           |
 +--------------------------------------------------------------------+
 | Domain Name          | Orthog. Angle | Exp. Factor  | Aspect Ratio |
 +----------------------+---------------+--------------+--------------+
 |                      | Minimum [deg] |   Maximum    |    Maximum   |
 +----------------------+---------------+--------------+--------------+
 | Default Domain       |       45.9 ok |        11 ok |     72567  ! |
 +----------------------+---------------+--------------+--------------+
 |                      |  %!  %ok  %OK | %!  %ok  %OK | %!  %ok  %OK |
 +----------------------+---------------+--------------+--------------+
 | Default Domain       |   0    1   99 |  0   <1  100 | 24   17   59 |
 +----------------------+---------------+--------------+--------------+

 Domain Name : Default Domain

     Total Number of Nodes                                =      134118

     Total Number of Elements                             =       66450
         Total Number of Hexahedrons                      =       66450

     Total Number of Faces                                =      134118

 Domain Interface Name : Domain Interface 1

     Discretization type                                  =         GGI
     Intersection type                                    =      Direct
     Non-overlap area fraction on side 1                  =    1.90E-03
     Non-overlap area fraction on side 2                  =    0.00E+00

 +--------------------------------------------------------------------+
 |                     Average Scale Information                      |
 +--------------------------------------------------------------------+

 Domain Name : Default Domain
     Global Length                                         = 2.8043E-02
     Minimum Extent                                        = 2.0000E-03
     Maximum Extent                                        = 3.4454E-01
     Density                                               = 2.4137E+00
     Dynamic Viscosity                                     = 2.3258E-05
     Velocity                                              = 0.0000E+00
     Speed of Sound                                        = 4.0599E+02
     Mach Number                                           = 0.0000E+00
     Thermal Conductivity                                  = 3.2921E-02
     Specific Heat Capacity at Constant Pressure           = 1.0044E+03
     Specific Heat Capacity at Constant Volume             = 7.1730E+02
     Specific Heat Ratio                                   = 1.4003E+00
     Prandtl Number                                        = 7.0960E-01

 +--------------------------------------------------------------------+
 |                Checking for Isolated Fluid Regions                 |
 +--------------------------------------------------------------------+
 
 No isolated fluid regions were found.

 +--------------------------------------------------------------------+
 |              The Equations Solved in This Calculation              |
 +--------------------------------------------------------------------+

 Subsystem : Momentum and Mass

   U-Mom
   V-Mom
   W-Mom
   P-Mass

 Subsystem : Heat Transfer

   H-Energy

 Subsystem : TurbKE and Diss.K

   K-TurbKE
   E-Diss.K
                   
 CFD Solver started: Thu Nov 11 16:10:17 2021


 +--------------------------------------------------------------------+
 |                       Convergence History                          |
 +--------------------------------------------------------------------+

 ======================================================================
 OUTER LOOP ITERATION =    1                    CPU SECONDS = 1.309E+00
 ----------------------------------------------------------------------
 |       Equation       | Rate | RMS Res | Max Res |  Linear Solution |
 +----------------------+------+---------+---------+------------------+
 | U-Mom                | 0.00 | 5.8E-01 | 2.5E+01 |       3.2E-03  OK|
 | V-Mom                | 0.00 | 5.0E-07 | 1.7E-05 |       8.8E+02  ok|
 | W-Mom                | 0.00 | 0.0E+00 | 0.0E+00 |       0.0E+00  OK|
 | P-Mass               | 0.00 | 3.0E-07 | 1.1E-05 |  9.1  3.7E-03  OK|
 +--------------------------------------------------------------------+
 |                     ****** Notice ******                           |
 |  A wall has been placed at portion(s) of an OUTLET                 |
 |  boundary condition (at 100.0% of the faces, 100.0% of the area)   |
 |  to prevent fluid from flowing into the domain.                    |
 |  The boundary condition name is: Outlet.                           |
 |  The fluid name is: Fluid 1.                                       |
 |  If this situation persists, consider switching                    |
 |  to an Opening type boundary condition instead.                    |
 +--------------------------------------------------------------------+
 +----------------------+------+---------+---------+------------------+
 | H-Energy             | 0.00 | 2.6E-02 | 1.0E+00 |  5.7  9.0E-07  OK|
 +----------------------+------+---------+---------+------------------+
 | K-TurbKE             | 0.00 | 2.9E-02 | 1.2E+00 |  5.7  1.3E-04  OK|
 | E-Diss.K             | 0.00 | 2.8E-02 | 1.2E+00 | 16.3  6.1E-08  OK|
 +----------------------+------+---------+---------+------------------+
 +--------------------------------------------------------------------+
 | Notice: The maximum Mach number is  6.110E+01.                     |
 +--------------------------------------------------------------------+

 ======================================================================
 OUTER LOOP ITERATION =    2                    CPU SECONDS = 2.740E+00
 ----------------------------------------------------------------------
 |       Equation       | Rate | RMS Res | Max Res |  Linear Solution |
 +----------------------+------+---------+---------+------------------+
 | U-Mom                | 0.04 | 2.3E-02 | 1.2E+00 |       2.4E-06  OK|
 | V-Mom                |99.99 | 2.7E-03 | 3.2E-01 |       8.5E-07  OK|
 | W-Mom                | 0.00 | 0.0E+00 | 0.0E+00 |       0.0E+00  OK|
 | P-Mass               |99.99 | 2.3E-04 | 6.6E-02 |  9.1  9.4E-02  OK|
 +--------------------------------------------------------------------+
 |                     ****** Notice ******                           |
 |  A wall has been placed at portion(s) of an OUTLET                 |
 |  boundary condition (at   2.0% of the faces,   2.0% of the area)   |
 |  to prevent fluid from flowing into the domain.                    |
 |  The boundary condition name is: Outlet.                           |
 |  The fluid name is: Fluid 1.                                       |
 |  If this situation persists, consider switching                    |
 |  to an Opening type boundary condition instead.                    |
 +--------------------------------------------------------------------+
 +----------------------+------+---------+---------+------------------+
 | H-Energy             | 0.25 | 6.3E-03 | 4.8E-01 |  5.7  2.0E-05  OK|
 +----------------------+------+---------+---------+------------------+
 | K-TurbKE             | 0.13 | 3.8E-03 | 8.7E-01 |  5.7  5.4E-06  OK|
 | E-Diss.K             | 0.23 | 6.5E-03 | 1.5E-01 | 10.8  3.9E-06  OK|
 +----------------------+------+---------+---------+------------------+
 +--------------------------------------------------------------------+
 | Notice: The maximum Mach number is  5.505E+01.                     |
 +--------------------------------------------------------------------+

 ======================================================================
 OUTER LOOP ITERATION =    3                    CPU SECONDS = 4.065E+00
 ----------------------------------------------------------------------
 |       Equation       | Rate | RMS Res | Max Res |  Linear Solution |
 +----------------------+------+---------+---------+------------------+
 
 +--------------------------------------------------------------------+
 | ERROR #001100279 has occurred in subroutine ErrAction.             |
 | Message:                                                           |
 | Floating point exception: Overflow                                 |
 |                                                                    |
 |                                                                    |
 |                                                                    |
 |                                                                    |
 |                                                                    |
 +--------------------------------------------------------------------+
 
 +--------------------------------------------------------------------+
 | ERROR #001100279 has occurred in subroutine ErrAction.             |
 | Message:                                                           |
 | Stopped in routine FPX: C_FPX_HANDLER                              |
 |                                                                    |
 |                                                                    |
 |                                                                    |
 |                                                                    |
 |                                                                    |
 +--------------------------------------------------------------------+

 +--------------------------------------------------------------------+
 |                An error has occurred in cfx5solve:                 |
 |                                                                    |
 | The ANSYS CFX solver exited with return code 1.   No results file  |
 | has been created.                                                  |
 +--------------------------------------------------------------------+

End of solution stage.

 +--------------------------------------------------------------------+
 | The following user files have been saved in the directory          |
 | C:\Users\mohsy\University\CFD\Assignment\Finals\Grid2.6 k-e_001:   |
 |                                                                    |
 | trace, mon                                                         |
 +--------------------------------------------------------------------+


This run of the ANSYS CFX Solver has finished.
